Change Component Designator: OldDesignator=Baro NewDesignator=P?
Change Component Designator: OldDesignator=IMU NewDesignator=J?
Added Pin To Net: NetName=NetAdafruit GPIO_1 Pin=Adafruit GPIO-1
Added Pin To Net: NetName=NetAdafruit GPIO_1 Pin=J?-4
Added Pin To Net: NetName=NetAdafruit GPIO_1 Pin=P?-2
Added Net: Name=NetAdafruit GPIO_1
Added Pin To Net: NetName=NetAdafruit GPIO_2 Pin=Adafruit GPIO-2
Added Pin To Net: NetName=NetAdafruit GPIO_2 Pin=Lidar-2
Added Pin To Net: NetName=NetAdafruit GPIO_2 Pin=Sonar-1
Added Pin To Net: NetName=NetAdafruit GPIO_2 Pin=Up Motor 1-2
Added Net: Name=NetAdafruit GPIO_2
Added Pin To Net: NetName=NetAdafruit GPIO_3 Pin=Adafruit GPIO-3
Added Pin To Net: NetName=NetAdafruit GPIO_3 Pin=J?-1
Added Pin To Net: NetName=NetAdafruit GPIO_3 Pin=P?-6
Added Net: Name=NetAdafruit GPIO_3
Added Pin To Net: NetName=NetAdafruit GPIO_5 Pin=Adafruit GPIO-5
Added Pin To Net: NetName=NetAdafruit GPIO_5 Pin=J?-2
Added Pin To Net: NetName=NetAdafruit GPIO_5 Pin=P?-4
Added Net: Name=NetAdafruit GPIO_5
Added Pin To Net: NetName=NetAdafruit GPIO_6 Pin=Adafruit GPIO-6
Added Pin To Net: NetName=NetAdafruit GPIO_6 Pin=Battery-2
Added Pin To Net: NetName=NetAdafruit GPIO_6 Pin=Left Motor 1-1
Added Pin To Net: NetName=NetAdafruit GPIO_6 Pin=Left Motor 2-2
Added Pin To Net: NetName=NetAdafruit GPIO_6 Pin=Lidar-1
Added Pin To Net: NetName=NetAdafruit GPIO_6 Pin=P?-3
Added Pin To Net: NetName=NetAdafruit GPIO_6 Pin=R1-1
Added Pin To Net: NetName=NetAdafruit GPIO_6 Pin=Right Motor 1-1
Added Pin To Net: NetName=NetAdafruit GPIO_6 Pin=Right Motor 2-2
Added Pin To Net: NetName=NetAdafruit GPIO_6 Pin=Servo-1
Added Pin To Net: NetName=NetAdafruit GPIO_6 Pin=Sonar-4
Added Pin To Net: NetName=NetAdafruit GPIO_6 Pin=Up Motor 1-1
Added Pin To Net: NetName=NetAdafruit GPIO_6 Pin=Up Motor 2-2
Added Net: Name=NetAdafruit GPIO_6
Added Pin To Net: NetName=NetAdafruit GPIO_7 Pin=Adafruit GPIO-7
Added Pin To Net: NetName=NetAdafruit GPIO_7 Pin=Sonar-2
Added Net: Name=NetAdafruit GPIO_7
Added Pin To Net: NetName=NetAdafruit GPIO_8 Pin=Adafruit GPIO-8
Added Pin To Net: NetName=NetAdafruit GPIO_8 Pin=Lidar-3
Added Net: Name=NetAdafruit GPIO_8
Added Pin To Net: NetName=NetAdafruit GPIO_9 Pin=Adafruit GPIO-9
Added Pin To Net: NetName=NetAdafruit GPIO_9 Pin=J?-3
Added Net: Name=NetAdafruit GPIO_9
Added Pin To Net: NetName=NetAdafruit GPIO_10 Pin=Adafruit GPIO-10
Added Pin To Net: NetName=NetAdafruit GPIO_10 Pin=Lidar-4
Added Net: Name=NetAdafruit GPIO_10
Added Pin To Net: NetName=NetAdafruit GPIO_11 Pin=Adafruit GPIO-11
Added Pin To Net: NetName=NetAdafruit GPIO_11 Pin=Servo-3
Added Net: Name=NetAdafruit GPIO_11
Added Pin To Net: NetName=NetAdafruit GPIO_13 Pin=Adafruit GPIO-13
Added Pin To Net: NetName=NetAdafruit GPIO_13 Pin=R1-2
Added Pin To Net: NetName=NetAdafruit GPIO_13 Pin=R2-1
Added Net: Name=NetAdafruit GPIO_13
Added Pin To Net: NetName=NetAdafruit GPIO_29 Pin=Adafruit GPIO-29
Added Pin To Net: NetName=NetAdafruit GPIO_29 Pin=Left Motor 1-3
Added Net: Name=NetAdafruit GPIO_29
Added Pin To Net: NetName=NetAdafruit GPIO_31 Pin=Adafruit GPIO-31
Added Pin To Net: NetName=NetAdafruit GPIO_31 Pin=Right Motor 1-3
Added Net: Name=NetAdafruit GPIO_31
Added Pin To Net: NetName=NetAdafruit GPIO_33 Pin=Adafruit GPIO-33
Added Pin To Net: NetName=NetAdafruit GPIO_33 Pin=Up Motor 1-3
Added Net: Name=NetAdafruit GPIO_33
Added Pin To Net: NetName=NetBattery_1 Pin=Battery-1
Added Pin To Net: NetName=NetBattery_1 Pin=Left Motor 2-1
Added Pin To Net: NetName=NetBattery_1 Pin=Right Motor 2-1
Added Pin To Net: NetName=NetBattery_1 Pin=Up Motor 2-1
Added Net: Name=NetBattery_1
Added Pin To Net: NetName=NetLeft Motor 1_2 Pin=Left Motor 1-2
Added Pin To Net: NetName=NetLeft Motor 1_2 Pin=Servo-2
Added Net: Name=NetLeft Motor 1_2
Added Pin To Net: NetName=NetR2_2 Pin=R2-2
Added Pin To Net: NetName=NetR2_2 Pin=Sonar-3
Added Net: Name=NetR2_2
Added Class: Name=PCB_Rpi4_New
